{"/Users/ulyana/Documents/login-page/login-page/tests/test.js":{"path":"/Users/ulyana/Documents/login-page/login-page/tests/test.js","s":{"1":1,"2":1,"3":1,"4":1,"5":1,"6":1,"7":1,"8":1,"9":1,"10":0,"11":1,"12":1,"13":1,"14":1,"15":1,"16":1,"17":1,"18":1,"19":1,"20":1,"21":1,"22":1,"23":1,"24":1,"25":1,"26":1,"27":1},"b":{},"f":{},"fnMap":{},"statementMap":{"1":{"start":{"line":1,"column":0},"end":{"line":1,"column":33}},"2":{"start":{"line":2,"column":0},"end":{"line":2,"column":29}},"3":{"start":{"line":3,"column":0},"end":{"line":3,"column":34}},"4":{"start":{"line":4,"column":0},"end":{"line":4,"column":37}},"5":{"start":{"line":6,"column":0},"end":{"line":6,"column":27}},"6":{"start":{"line":9,"column":0},"end":{"line":26,"column":3}},"7":{"start":{"line":10,"column":4},"end":{"line":25,"column":7}},"8":{"start":{"line":11,"column":6},"end":{"line":24,"column":10}},"9":{"start":{"line":22,"column":12},"end":{"line":22,"column":53}},"10":{"start":{"line":23,"column":12},"end":{"line":23,"column":18}},"11":{"start":{"line":28,"column":0},"end":{"line":46,"column":3}},"12":{"start":{"line":29,"column":4},"end":{"line":45,"column":7}},"13":{"start":{"line":30,"column":8},"end":{"line":30,"column":39}},"14":{"start":{"line":31,"column":6},"end":{"line":44,"column":10}},"15":{"start":{"line":42,"column":12},"end":{"line":42,"column":45}},"16":{"start":{"line":43,"column":12},"end":{"line":43,"column":18}},"17":{"start":{"line":48,"column":0},"end":{"line":65,"column":3}},"18":{"start":{"line":49,"column":4},"end":{"line":64,"column":7}},"19":{"start":{"line":50,"column":8},"end":{"line":50,"column":39}},"20":{"start":{"line":51,"column":6},"end":{"line":63,"column":10}},"21":{"start":{"line":61,"column":12},"end":{"line":61,"column":52}},"22":{"start":{"line":62,"column":12},"end":{"line":62,"column":18}},"23":{"start":{"line":67,"column":0},"end":{"line":83,"column":3}},"24":{"start":{"line":68,"column":4},"end":{"line":82,"column":7}},"25":{"start":{"line":69,"column":6},"end":{"line":81,"column":10}},"26":{"start":{"line":79,"column":12},"end":{"line":79,"column":45}},"27":{"start":{"line":80,"column":12},"end":{"line":80,"column":19}}},"branchMap":{}}}